Determining if the pthread_create exist failed with the following output:
Change Dir: /home/mathias/projet_turtlebot3/arena/src/arena_gazebo/plugins/pieton/build/CMakeFiles/CMakeTmp

Run Build Command:"/usr/bin/make" "cmTC_62bd8/fast"
/usr/bin/make -f CMakeFiles/cmTC_62bd8.dir/build.make CMakeFiles/cmTC_62bd8.dir/build
make[1]: Entering directory '/home/mathias/projet_turtlebot3/arena/src/arena_gazebo/plugins/pieton/build/CMakeFiles/CMakeTmp'
Building C object CMakeFiles/cmTC_62bd8.dir/CheckSymbolExists.c.o
/usr/bin/cc     -o CMakeFiles/cmTC_62bd8.dir/CheckSymbolExists.c.o   -c /home/mathias/projet_turtlebot3/arena/src/arena_gazebo/plugins/pieton/build/CMakeFiles/CMakeTmp/CheckSymbolExists.c
Linking C executable cmTC_62bd8
/usr/bin/cmake -E cmake_link_script CMakeFiles/cmTC_62bd8.dir/link.txt --verbose=1
/usr/bin/cc       CMakeFiles/cmTC_62bd8.dir/CheckSymbolExists.c.o  -o cmTC_62bd8 -rdynamic 
CMakeFiles/cmTC_62bd8.dir/CheckSymbolExists.c.o: In function `main':
CheckSymbolExists.c:(.text+0x16): undefined reference to `pthread_create'
collect2: error: ld returned 1 exit status
CMakeFiles/cmTC_62bd8.dir/build.make:97: recipe for target 'cmTC_62bd8' failed
make[1]: *** [cmTC_62bd8] Error 1
make[1]: Leaving directory '/home/mathias/projet_turtlebot3/arena/src/arena_gazebo/plugins/pieton/build/CMakeFiles/CMakeTmp'
Makefile:126: recipe for target 'cmTC_62bd8/fast' failed
make: *** [cmTC_62bd8/fast] Error 2

File /home/mathias/projet_turtlebot3/arena/src/arena_gazebo/plugins/pieton/build/CMakeFiles/CMakeTmp/CheckSymbolExists.c:
/* */
#include <pthread.h>

int main(int argc, char** argv)
{
  (void)argv;
#ifndef pthread_create
  return ((int*)(&pthread_create))[argc];
#else
  (void)argc;
  return 0;
#endif
}

Determining if the function pthread_create exists in the pthreads failed with the following output:
Change Dir: /home/mathias/projet_turtlebot3/arena/src/arena_gazebo/plugins/pieton/build/CMakeFiles/CMakeTmp

Run Build Command:"/usr/bin/make" "cmTC_88108/fast"
/usr/bin/make -f CMakeFiles/cmTC_88108.dir/build.make CMakeFiles/cmTC_88108.dir/build
make[1]: Entering directory '/home/mathias/projet_turtlebot3/arena/src/arena_gazebo/plugins/pieton/build/CMakeFiles/CMakeTmp'
Building C object CMakeFiles/cmTC_88108.dir/CheckFunctionExists.c.o
/usr/bin/cc    -DCHECK_FUNCTION_EXISTS=pthread_create   -o CMakeFiles/cmTC_88108.dir/CheckFunctionExists.c.o   -c /usr/share/cmake-3.5/Modules/CheckFunctionExists.c
Linking C executable cmTC_88108
/usr/bin/cmake -E cmake_link_script CMakeFiles/cmTC_88108.dir/link.txt --verbose=1
/usr/bin/cc   -DCHECK_FUNCTION_EXISTS=pthread_create    CMakeFiles/cmTC_88108.dir/CheckFunctionExists.c.o  -o cmTC_88108 -rdynamic -lpthreads 
/usr/bin/ld: cannot find -lpthreads
collect2: error: ld returned 1 exit status
CMakeFiles/cmTC_88108.dir/build.make:97: recipe for target 'cmTC_88108' failed
make[1]: *** [cmTC_88108] Error 1
make[1]: Leaving directory '/home/mathias/projet_turtlebot3/arena/src/arena_gazebo/plugins/pieton/build/CMakeFiles/CMakeTmp'
Makefile:126: recipe for target 'cmTC_88108/fast' failed
make: *** [cmTC_88108/fast] Error 2


