Determining if the pthread_create exist failed with the following output:
Change Dir: /home/mathias/projet_turtlebot3/arena/src/arena_gazebo/plugins/feu/build/CMakeFiles/CMakeTmp

Run Build Command:"/usr/bin/make" "cmTC_e3258/fast"
/usr/bin/make -f CMakeFiles/cmTC_e3258.dir/build.make CMakeFiles/cmTC_e3258.dir/build
make[1]: Entering directory '/home/mathias/projet_turtlebot3/arena/src/arena_gazebo/plugins/feu/build/CMakeFiles/CMakeTmp'
Building C object CMakeFiles/cmTC_e3258.dir/CheckSymbolExists.c.o
/usr/bin/cc     -o CMakeFiles/cmTC_e3258.dir/CheckSymbolExists.c.o   -c /home/mathias/projet_turtlebot3/arena/src/arena_gazebo/plugins/feu/build/CMakeFiles/CMakeTmp/CheckSymbolExists.c
Linking C executable cmTC_e3258
/usr/bin/cmake -E cmake_link_script CMakeFiles/cmTC_e3258.dir/link.txt --verbose=1
/usr/bin/cc       CMakeFiles/cmTC_e3258.dir/CheckSymbolExists.c.o  -o cmTC_e3258 -rdynamic 
CMakeFiles/cmTC_e3258.dir/CheckSymbolExists.c.o: In function `main':
CheckSymbolExists.c:(.text+0x16): undefined reference to `pthread_create'
collect2: error: ld returned 1 exit status
CMakeFiles/cmTC_e3258.dir/build.make:97: recipe for target 'cmTC_e3258' failed
make[1]: *** [cmTC_e3258] Error 1
make[1]: Leaving directory '/home/mathias/projet_turtlebot3/arena/src/arena_gazebo/plugins/feu/build/CMakeFiles/CMakeTmp'
Makefile:126: recipe for target 'cmTC_e3258/fast' failed
make: *** [cmTC_e3258/fast] Error 2

File /home/mathias/projet_turtlebot3/arena/src/arena_gazebo/plugins/feu/build/CMakeFiles/CMakeTmp/CheckSymbolExists.c:
/* */
#include <pthread.h>

int main(int argc, char** argv)
{
  (void)argv;
#ifndef pthread_create
  return ((int*)(&pthread_create))[argc];
#else
  (void)argc;
  return 0;
#endif
}

Determining if the function pthread_create exists in the pthreads failed with the following output:
Change Dir: /home/mathias/projet_turtlebot3/arena/src/arena_gazebo/plugins/feu/build/CMakeFiles/CMakeTmp

Run Build Command:"/usr/bin/make" "cmTC_68a74/fast"
/usr/bin/make -f CMakeFiles/cmTC_68a74.dir/build.make CMakeFiles/cmTC_68a74.dir/build
make[1]: Entering directory '/home/mathias/projet_turtlebot3/arena/src/arena_gazebo/plugins/feu/build/CMakeFiles/CMakeTmp'
Building C object CMakeFiles/cmTC_68a74.dir/CheckFunctionExists.c.o
/usr/bin/cc    -DCHECK_FUNCTION_EXISTS=pthread_create   -o CMakeFiles/cmTC_68a74.dir/CheckFunctionExists.c.o   -c /usr/share/cmake-3.5/Modules/CheckFunctionExists.c
Linking C executable cmTC_68a74
/usr/bin/cmake -E cmake_link_script CMakeFiles/cmTC_68a74.dir/link.txt --verbose=1
/usr/bin/cc   -DCHECK_FUNCTION_EXISTS=pthread_create    CMakeFiles/cmTC_68a74.dir/CheckFunctionExists.c.o  -o cmTC_68a74 -rdynamic -lpthreads 
/usr/bin/ld: cannot find -lpthreads
collect2: error: ld returned 1 exit status
CMakeFiles/cmTC_68a74.dir/build.make:97: recipe for target 'cmTC_68a74' failed
make[1]: *** [cmTC_68a74] Error 1
make[1]: Leaving directory '/home/mathias/projet_turtlebot3/arena/src/arena_gazebo/plugins/feu/build/CMakeFiles/CMakeTmp'
Makefile:126: recipe for target 'cmTC_68a74/fast' failed
make: *** [cmTC_68a74/fast] Error 2


